0	1	mikroCARM.exe -MSF -DBG -pSTM32F107VC -BIN -LHF -DL -SSA -O11111114 -fo72 -N"D:\Clicks_git\G\GNSS_5_Click\SW\example\c\ARM\STM\Click_GNSS5_STM.mcpar" -SP"C:\Users\Public\Documents\Mikroelektronika\mikroC PRO for ARM\Defs\" -SP"C:\Users\Public\Documents\Mikroelektronika\mikroC PRO for ARM\Uses\ST M3\" -SP"D:\Clicks_git\G\GNSS_5_Click\SW\example\c\ARM\STM\" -SP"D:\Clicks_git\G\GNSS_5_Click\SW\library\HAL\" -SP"D:\Clicks_git\G\GNSS_5_Click\SW\library\" -SP"C:\Users\Public\Documents\Mikroelektronika\mikroC PRO for ARM\Packages\mikroBUS Board Definition API\Uses\" -IP"C:\Users\Public\Documents\Mikroelektronika\mikroC PRO for ARM\Uses\ST M3\" -IP"D:\Clicks_git\G\GNSS_5_Click\SW\example\c\ARM\STM\" -IP"D:\Clicks_git\G\GNSS_5_Click\SW\library\" -IP"D:\Clicks_git\G\GNSS_5_Click\SW\library\HAL\" -IP"C:\Users\Public\Documents\Mikroelektronika\mikroC PRO for ARM\Packages\mikroBUS Board Definition API\Uses\" "Click_GNSS5_STM.c" "__gnss5_driver.c" "__Lib_Math.emcl" "__Lib_MathDouble.emcl" "__Lib_Delays.emcl" "__Lib_System_105_107.emcl" "__Lib_GPIO_32F10x_Defs.emcl" "__Lib_GPIO_32F10x.emcl" "__Lib_CString.emcl" "__Lib_Conversions.emcl" "__Lib_UART_123_45.emcl" "easymx_v7_STM32F107VC.emcl" "Click_GNSS5.pld"	 
diagnostics: 0	122	Compilation Started	stdint.h
hint: 0	1004	interrupt handler (Timer_interrupt at 0x002C)	click_gnss5_timer.h
diagnostics: 180	123	Compiled Successfully	Click_GNSS5_STM.c
hint: 51	1164	Variable 'evArgs' has been eliminated by optimizer	Click_GNSS5_STM.c
diagnostics: 0	122	Compilation Started	stdint.h
diagnostics: 854	123	Compiled Successfully	__gnss5_driver.c
hint: 217	1164	Variable 'tmp' has been eliminated by optimizer	__gnss5_driver.c
hint: 135	1164	Variable 'tmp' has been eliminated by optimizer	__gnss5_driver.c
hint: 311	1164	Variable 'tmp' has been eliminated by optimizer	__gnss5_driver.c
hint: 322	1164	Variable 'tmp' has been eliminated by optimizer	__gnss5_driver.c
hint: 741	1164	Variable 'tmp' has been eliminated by optimizer	__gnss5_driver.c
diagnostics: 0	127	All files Compiled in 204 ms	 
hint: 0	1144	Used RX: 16 (100%)   Free RX: 0 (0%)	Used RX: 16 (100%)   Free RX: 0 (0%)
hint: 0	1144	Static RAM (bytes): 2580   Dynamic RAM (bytes): 62953	Static RAM (bytes): 2580   Dynamic RAM (bytes): 62953
hint: 0	1144	Used ROM (bytes): 11327 (4%)  Free ROM (bytes): 250817 (96%)	Used ROM (bytes): 11327 (4%)  Free ROM (bytes): 250817 (96%)
diagnostics: 0	125	Project Linked Successfully	Click_GNSS5_STM.mcpar
diagnostics: 0	128	Linked in 359 ms	 
diagnostics: 0	129	Project 'Click_GNSS5_STM.mcpar' completed: 719 ms	 
diagnostics: 0	103	Finished successfully: 24 jan 2019, 11:01:37	Click_GNSS5_STM.mcpar
